<?xml version="1.0" encoding="UTF-8"?>
<testsuite name="dataModel.AfronderTest" tests="1" skipped="0" failures="0" errors="0" timestamp="2020-06-16T21:18:37" hostname="MaartenBakker.fritz.box" time="0.01">
  <properties/>
  <testcase name="bedragInEurosAfrondenTest()" classname="dataModel.AfronderTest" time="0.01"/>
  <system-out><![CDATA[]]></system-out>
  <system-err><![CDATA[]]></system-err>
</testsuite>
