<?xml version="1.0" encoding="UTF-8"?>
<testsuite name="dataModel.BtwBedragenTest" tests="2" skipped="0" failures="0" errors="0" timestamp="2020-06-17T09:34:26" hostname="Annas-MBP.fritz.box" time="0.087">
  <properties/>
  <testcase name="getBEDRAG_ZONDER_BTW_Test()" classname="dataModel.BtwBedragenTest" time="0.079"/>
  <testcase name="getBTW_BEDRAG_Test()" classname="dataModel.BtwBedragenTest" time="0.005"/>
  <system-out><![CDATA[]]></system-out>
  <system-err><![CDATA[]]></system-err>
</testsuite>
